Background on this error at: https://sqlalche.me/e/20/f405)
INFO:werkzeug:172.31.196.42 - - [22/Oct/2024 21:10:05] "GET /settings HTTP/1.1" 500 -
INFO:apscheduler.executors.default:Running job "setup_email_scheduler.<locals>.check_emails_task (trigger: interval[0:05:00], next run at: 2024-10-22 21:15:11 UTC)" (scheduled at 2024-10-22 21:10:11.619750+00:00)
INFO:app:Checking for new emails
INFO:app:Attempting to connect to smtp.gmail.com:587 with SSL version: 2
WARNING:app:Error with SSL version 2: [SSL: WRONG_VERSION_NUMBER] wrong version number (_ssl.c:1006)
INFO:app:Attempting to connect to smtp.gmail.com:587 with SSL version: 5
WARNING:app:Error with SSL version 5: [SSL: WRONG_VERSION_NUMBER] wrong version number (_ssl.c:1006)
INFO:app:Attempting to connect to smtp.gmail.com:587 with SSL version: 4
WARNING:app:Error with SSL version 4: [SSL: WRONG_VERSION_NUMBER] wrong version number (_ssl.c:1006)
INFO:app:Attempting to connect to smtp.gmail.com:587 with SSL version: 3
WARNING:app:Error with SSL version 3: [SSL: WRONG_VERSION_NUMBER] wrong version number (_ssl.c:1006)
ERROR:app:Unexpected error in connect_to_email_server: Unable to establish a secure connection with any SSL/TLS version
ERROR:app:Error fetching emails: Unable to establish a secure connection with any SSL/TLS version
INFO:apscheduler.executors.default:Job "setup_email_scheduler.<locals>.check_emails_task (trigger: interval[0:05:00], next run at: 2024-10-22 21:15:11 UTC)" executed successfully
ERROR:app:Exception on /settings [GET]
Traceback (most recent call last):
  File "/home/runner/CRM/.pythonlibs/lib/python3.11/site-packages/sqlalchemy/engine/base.py", line 1967, in _exec_single_context
    self.dialect.do_execute(
  File "/home/runner/CRM/.pythonlibs/lib/python3.11/site-packages/sqlalchemy/engine/default.py", line 941, in do_execute
    cursor.execute(statement, parameters)
psycopg2.errors.UndefinedTable: relation "user_settings" does not exist
LINE 2: FROM user_settings 
             ^


The above exception was the direct cause of the following exception:

Traceback (most recent call last):
  File "/home/runner/CRM/.pythonlibs/lib/python3.11/site-packages/flask/app.py", line 2529, in wsgi_app
    response = self.full_dispatch_request()
               ^^^^^^^^^^^^^^^^^^^^^^^^^^^^
  File "/home/runner/CRM/.pythonlibs/lib/python3.11/site-packages/flask/app.py", line 1825, in full_dispatch_request
    rv = self.handle_user_exception(e)
         ^^^^^^^^^^^^^^^^^^^^^^^^^^^^^
  File "/home/runner/CRM/.pythonlibs/lib/python3.11/site-packages/flask/app.py", line 1823, in full_dispatch_request
    rv = self.dispatch_request()
         ^^^^^^^^^^^^^^^^^^^^^^^
  File "/home/runner/CRM/.pythonlibs/lib/python3.11/site-packages/flask/app.py", line 1799, in dispatch_request
    return self.ensure_sync(self.view_functions[rule.endpoint])(**view_args)
           ^^^^^^^^^^^^^^^^^^^^^^^^^^^^^^^^^^^^^^^^^^^^^^^^^^^^^^^^^^^^^^^^^
  File "/home/runner/CRM/.pythonlibs/lib/python3.11/site-packages/flask_login/utils.py", line 290, in decorated_view
    return current_app.ensure_sync(func)(*args, **kwargs)
           ^^^^^^^^^^^^^^^^^^^^^^^^^^^^^^^^^^^^^^^^^^^^^^
  File "/home/runner/CRM/routes/settings.py", line 13, in settings
    user_settings = UserSettings.query.filter_by(user_id=current_user.id).first()
                    ^^^^^^^^^^^^^^^^^^^^^^^^^^^^^^^^^^^^^^^^^^^^^^^^^^^^^^^^^^^^^
  File "/home/runner/CRM/.pythonlibs/lib/python3.11/site-packages/sqlalchemy/orm/query.py", line 2728, in first
    return self.limit(1)._iter().first()  # type: ignore
           ^^^^^^^^^^^^^^^^^^^^^
  File "/home/runner/CRM/.pythonlibs/lib/python3.11/site-packages/sqlalchemy/orm/query.py", line 2827, in _iter
    result: Union[ScalarResult[_T], Result[_T]] = self.session.execute(
                                                  ^^^^^^^^^^^^^^^^^^^^^
  File "/home/runner/CRM/.pythonlibs/lib/python3.11/site-packages/sqlalchemy/orm/session.py", line 2362, in execute
    return self._execute_internal(
           ^^^^^^^^^^^^^^^^^^^^^^^
  File "/home/runner/CRM/.pythonlibs/lib/python3.11/site-packages/sqlalchemy/orm/session.py", line 2247, in _execute_internal
    result: Result[Any] = compile_state_cls.orm_execute_statement(
                          ^^^^^^^^^^^^^^^^^^^^^^^^^^^^^^^^^^^^^^^^
  File "/home/runner/CRM/.pythonlibs/lib/python3.11/site-packages/sqlalchemy/orm/context.py", line 305, in orm_execute_statement
    result = conn.execute(
             ^^^^^^^^^^^^^
  File "/home/runner/CRM/.pythonlibs/lib/python3.11/site-packages/sqlalchemy/engine/base.py", line 1418, in execute
    return meth(
           ^^^^^
  File "/home/runner/CRM/.pythonlibs/lib/python3.11/site-packages/sqlalchemy/sql/elements.py", line 515, in _execute_on_connection
    return connection._execute_clauseelement(
           ^^^^^^^^^^^^^^^^^^^^^^^^^^^^^^^^^^
  File "/home/runner/CRM/.pythonlibs/lib/python3.11/site-packages/sqlalchemy/engine/base.py", line 1640, in _execute_clauseelement
    ret = self._execute_context(
          ^^^^^^^^^^^^^^^^^^^^^^
  File "/home/runner/CRM/.pythonlibs/lib/python3.11/site-packages/sqlalchemy/engine/base.py", line 1846, in _execute_context
    return self._exec_single_context(
           ^^^^^^^^^^^^^^^^^^^^^^^^^^
  File "/home/runner/CRM/.pythonlibs/lib/python3.11/site-packages/sqlalchemy/engine/base.py", line 1986, in _exec_single_context
    self._handle_dbapi_exception(
  File "/home/runner/CRM/.pythonlibs/lib/python3.11/site-packages/sqlalchemy/engine/base.py", line 2355, in _handle_dbapi_exception
    raise sqlalchemy_exception.with_traceback(exc_info[2]) from e
  File "/home/runner/CRM/.pythonlibs/lib/python3.11/site-packages/sqlalchemy/engine/base.py", line 1967, in _exec_single_context
    self.dialect.do_execute(
  File "/home/runner/CRM/.pythonlibs/lib/python3.11/site-packages/sqlalchemy/engine/default.py", line 941, in do_execute
    cursor.execute(statement, parameters)
sqlalchemy.exc.ProgrammingError: (psycopg2.errors.UndefinedTable) relation "user_settings" does not exist
LINE 2: FROM user_settings 
             ^

[SQL: SELECT user_settings.id AS user_settings_id, user_settings.user_id AS user_settings_user_id, user_settings.mail_server AS user_settings_mail_server, user_settings.mail_port AS user_settings_mail_port, user_settings.mail_use_tls AS user_settings_mail_use_tls, user_settings.mail_username AS user_settings_mail_username, user_settings.mail_password AS user_settings_mail_password, user_settings.claude_api_key AS user_settings_claude_api_key, user_settings.clearbit_api_key AS user_settings_clearbit_api_key, user_settings.created_at AS user_settings_created_at, user_settings.updated_at AS user_settings_updated_at 
FROM user_settings 
WHERE user_settings.user_id = %(user_id_1)s 
 LIMIT %(param_1)s]
[parameters: {'user_id_1': 1, 'param_1': 1}]
(Background on this error at: https://sqlalche.me/e/20/f405)
INFO:werkzeug:172.31.196.42 - - [22/Oct/2024 21:10:16] "GET /settings HTTP/1.1" 500 -
